\BOOKMARK [1][-]{section.1}{Introducci\363n}{}% 1
\BOOKMARK [1][-]{section.2}{Esquema de Fundamentos}{}% 2
\BOOKMARK [1][-]{section.3}{Preguntas de investigaci\363n}{}% 3
\BOOKMARK [1][-]{section.4}{Estrategia de b\372squeda}{}% 4
\BOOKMARK [2][-]{subsection.4.1}{T\351rminos de b\372squeda}{section.4}% 5
\BOOKMARK [2][-]{subsection.4.2}{Cadenas de b\372squeda}{section.4}% 6
\BOOKMARK [2][-]{subsection.4.3}{Selecci\363n de fuentes}{section.4}% 7
\BOOKMARK [1][-]{section.5}{Selecci\363n de estudios primarios}{}% 8
\BOOKMARK [2][-]{subsection.5.1}{Criterios de selecci\363n de estudios primarios}{section.5}% 9
\BOOKMARK [2][-]{subsection.5.2}{Criterios de inclusi\363n}{section.5}% 10
\BOOKMARK [2][-]{subsection.5.3}{Criterios de exclusi\363n}{section.5}% 11
\BOOKMARK [2][-]{subsection.5.4}{Procedimiento de selecci\363n de estudios primarios}{section.5}% 12
\BOOKMARK [2][-]{subsection.5.5}{Etapa n\372mero uno}{section.5}% 13
\BOOKMARK [2][-]{subsection.5.6}{Etapa n\372mero dos}{section.5}% 14
\BOOKMARK [2][-]{subsection.5.7}{Etapa n\372mero tres}{section.5}% 15
\BOOKMARK [1][-]{section.6}{Evaluaci\363n de calidad}{}% 16
\BOOKMARK [1][-]{section.7}{Extracci\363n de los datos}{}% 17
\BOOKMARK [2][-]{subsection.7.1}{Formato para extracci\363n de los datos}{section.7}% 18
\BOOKMARK [1][-]{section.8}{Estrategia para la s\355ntesis de datos}{}% 19
\BOOKMARK [1][-]{section.9}{Limitaciones}{}% 20
\BOOKMARK [2][-]{subsection.9.1}{Amenazas a la validez: Internas}{section.9}% 21
\BOOKMARK [2][-]{subsection.9.2}{Amenazas a la validez: Externas}{section.9}% 22
\BOOKMARK [1][-]{section.10}{Informe}{}% 23
\BOOKMARK [2][-]{subsection.10.1}{Titulo}{section.10}% 24
\BOOKMARK [2][-]{subsection.10.2}{Resumen}{section.10}% 25
\BOOKMARK [2][-]{subsection.10.3}{Introducci\363n}{section.10}% 26
\BOOKMARK [2][-]{subsection.10.4}{Antecedentes}{section.10}% 27
\BOOKMARK [2][-]{subsection.10.5}{M\351todo}{section.10}% 28
\BOOKMARK [2][-]{subsection.10.6}{Resultados}{section.10}% 29
\BOOKMARK [2][-]{subsection.10.7}{Discusi\363n}{section.10}% 30
\BOOKMARK [2][-]{subsection.10.8}{Conclusi\363n}{section.10}% 31
\BOOKMARK [1][-]{section.11}{Gesti\363n de la revisi\363n}{}% 32
\BOOKMARK [2][-]{subsection.11.1}{Cronograma}{section.11}% 33
\BOOKMARK [2][-]{subsection.11.2}{Herramientas utilizadas}{section.11}% 34
\BOOKMARK [3][-]{subsubsection.11.2.1}{Paquete de replicaci\363n}{subsection.11.2}% 35
\BOOKMARK [1][-]{section.12}{Referencias}{}% 36
